-999107021680088309264107507284
1725190015305644844653641595181933665607853729
920145118377114066580981794292567319527803655370
5461163897506172856908207509713429664967866765
-13025884024181017499156381125310052
307177498464683103862396908480320
93077624039216113049927357745372856
-105754963155816579062273094652
478020083407398211127876554721193471324
-734636293839046466755713012630429111428101257140636797224509006009291
17231724034517847248522048701694589273797054684734970295647049062894683232595924461645647848
74711253272934835071923890574674722084044837464
20380733624617504729273993798620197436576375463076940125097217147276
999883995600490940306044739374810983
-634902681359543873636931802003170263419373
-3121705759266322163374262415360587529716197
-673723614968091505245307967424746614
47301218295620682792306809379987824211
-99119225147561341584092556827285680864314116634
9808441830364223838488162292008272605630355656
44218442084078680782912462135571315625044030621
23370737728414608489512128623309937980336705139320320788374210975
-251833258523548336648570356920724777002204967092172620888113635703507979752982788
-23479003139995327382692251926466546247103002
28076524561536762392462972094569
-5584357661820460937669115353376417521760390550753154576109574851564479671018921130
345246321657622291818381769785371202459492289031
-2773095718001504663368942084847227352318859318501037608163559404817439444269344419296435588
68262346080950244444839515693217445020548665772983576873372033406996431448010
-37693370370877681984741447051096734054
-3463673757279255307465347238240166835148774
5159771717336532996983382363365519285884328384366078655621739280270626
-2227363527176712496089
-354589205743141678026769778167563650
7662543992833630951533184835050775246875292603
-4461374232405753325209375393131253119090630290163458021282139398746705286490110884600
24576022824252661093704844697889784469937541680408977735
9209986942839374207179728358
3833004895879694369340763290613919857
1965359293908785517377244838646700214563785
-8456970172873514481272173953715929867050279924
-53865523028474770313139798642209063
8440029229953014704190941967
-854724361474193535200129209820952373993
-14940758593365587036681771711779159861242911090377903504000
24019047126936043308380749828545246440544597618970072214186988068318315425605
-782516251582680573881137510854119783
42113206931782910634378231777153668369582316
-15560803927870841361927669955468545189481472085832657977840
-5010890515025672195251871602000
-2930275111691472957062151918345055587118114306223839774967413583150173264292487552
-5154678933160893442842691985523957
307511502580580944757379561446
-4396732270704475216323092467340324099792151518788346640909937930284
528131378129663097049215283094888431819876216
815519516008858035918972263924750510411265776532942830914809827962905318
-191715724670712310854419174714493739432198012
2768803182918476908306521761125420548310519112762600635711870194854996341615571490
717670779685240312815056127940829863331190
-15484523070374923672644912547479
25296158146841372537953130219490199814563458001454309859489731759155058704281865571770
-81501810276907615241862532325459808222316
9352590881849434384569793104851433
8227487338406989851118892100796748833876609944
184793055230822598586129668200343372105612333894
3724876501503325208704583100760417168151822880278
-85896122392285452211093910605059
36923338767907296498483544326091622947225569726851529854566350889287194109274930312680
8120675912025784134443735602423588995308820
-5514288914685120990400437225134024382240170844165
4675721487191267870940969574855366234403222934
-79754112870934231968478460081
-46053331628234915946440936091173743481842819249906882708306985626722322974075757983006666
834455711233397786226444036476524211223333
75050509687753607407401573380323904491812
-446752610459945479655727657716941590129524006842323711360
-44530370098550736726356010481
3470947732483687708845
71081979765554831339639082153695394848
139003256549807857976208273990598363977065631
3905593070154095903198347358439504784113574000156127399945428158846123
518429932366876113253794069235242336639650741
846742431038119358348289272061125725649390843
4133438382353787045800403248694653469671310163
11904603932781696613707954297102605
-30744467217806986010401810159310914425799171923300376578166269626541349760
36892241874781104734537016136957580
408888365955751187800564896276952744141072939
17817353034558527381570265521099180178207615529
97888607121839582452504367559125047822192574730921
-9994237730666911818348410399528247753
-107673462097658010358729535832799654715730
5574160016627357665111992357854099614973804465837
-284922772542355277321519782457224548584220025420
8328738538381696653761893915252966095672425675799
7442644941125780327166500581796407708
2653547030460616668324355472684853
6880229494979696137990404857596664006005755022345
9257790756184383370698653805042875197705925512668105483792979036073080985
963046161795020278368220887991
-34756362773303124381600082798681080965818972
-314387668220684207011786428022971555652552
-6776859843244344286460522413295837552417609373
2297877160774159171390382
53474450126234615789512210629884864281845287803880914147628359792999191498206881228935107778750
4045713378782533720795421827436761485628782199749
76406725552755464535820376453897530516781634409
-2755769283951639466027546964971841174303620618073670263686702326946918922
-1781419578560578760848076338857831619212736618
816063911787097856313697002762659659249
196957695599328894531062419247049256521758954789176
-421016635326107033101321168613003830224921790671807489769260
8722927675523061976771236397523042
-770595345863808015431694139838754308252
488651461259671919687145082382281734111052017090784722550374
-633693304899772311623154009521366176670
664870044938036798501869540603280532097410240
-296122119583668515217648573152736637
-76180768211861627676741306722157926671472426729010
56628813431096419485604085769601473837679
-98903481748359940200177115010803033947550953975833870540736
9883310021149348407778081729072777333183217
16194322526634964573231779779778978845509
447873774688043681624718473305762171381349675481
25264023528782568316053951685814540169
8276810499577204321540524843589701655995373535
758598986310925002170973443427788051034645519755073874364616773892909549120
-38230877511838615577473194661544481094398109980195989754480684320
5591151496933220152449609147998417405937
68594756672770867356280654183393283772939729
64595054284380363837109820958780535902
-189338061103984024940240276545108645143770890282558788870429062928699225865053
72176314788204810745672670659580670952686
-5724577095055695115163094653184320354672470418
-89830879791250143970978759702217849406224556
-5258992216180641794980722286279
42674973776534169411660897797968964608065390227857847123291432134577662712908
52418698488897865852130885244913139189207973283542224660186183014972970232
-405864581192377851692150441776687303516954959
50312714981334864055002282612781319
-7369592622283765821340005516492049
86190175849057239885989797868645737346859173138
-9567147711253487855138145603483664587603059
10672560222383687294628841036365177774737
-460011982049846984204948344898
45986217384821572303034474972144738991
-5448019251877725877932
459747178708594632327228652390216570582639562182548833232233937715380
-682072993707617183721745011160366567795678487203784925815965908638983484478540719541
49539725393407900517347069544542491277
-3207470462438905598263953200977859
-8828984571638794702118716570431612659320903935
-1624139795989054755262235896994606053018615175591
2880622231938617763005106355
-68016579234552857270868152757568163873372029828883
-17855957796536758762894961112504176293
-836398870379518040118551336964891152305
74220122720158637103227888
-306108349192799585242996001599100616695130270058
-484881505290566685539579531692696446916831305
994586429775365026837058591588615332589943797796
-699844362892551576383684036640118615834222788
-21887627464191125737084423758007226975449241706338308550884378375009159508141428298
85364680608190713390542327543747872
-290791935374824113341160994573144302601207075709
-749953738537271125937755087585385289827654
253695972965841602601646197138128216845218597357043685953365858593900
15441478954146323969654888585228448
-22779681342979597769888161177763780995619582528
-907858473417274637954607354665642035866816880
-845555751777841309245343895484710184280441736172563234223667487119755857975205
-600829725107148883768612393569556
90705942730082650357633796785562
23569635923369948581352242898810616921641838
-84922881540378381270582883609430189653525599964
587296460287787034158504900954516275145943049741
246758423125740103774988234695620
678360259615108063131627864856541800807384045
720741910169749079050686570
-592598825380572427991
368245136180356649324563386573093196506372881496131919811795930959448176
16768127545898417649224143002282730853505680953
-871426731997495145148856
1363203973949142636373725650623966723755
-70613666310979291307338808041603659143263197159175309324885934437890681219177123
-2943025794562595412499699442944430790790756719842522029238247407298750052094893104188
-68803574997872543637652550440353734438678290551045
1569058385526703441325181217327292280109280161735
81897847547102825905787929251290195770680546271826
5895119045266838327605732571744610211223508786146143516515319172702550
-50332436441403313121199370246835777178272787717693871975896804929458312865931446021970449184
-6709797243279266545717034787005655
16157756092440070514639227312540559488
6619542880454808077673228694365360696829143
-82029800550816277755858794123514938949152078585
22207788979339472542406575826893924001
2808374912488196426965245081725284411779079827446105277993812468484395611596027
-577749800466095565742279323170507190085
-5692769041586077557562801893311380200350760153
-84965348727087927814202992
-8100726759328149089094426926625401575062641580094
-5183388580771061024343080932169014380347873406398475911895
-859469515394220709131539425268529357120535937
-5516696036880372466296204507694723373617402217
-55122263623752439497061013265008201749
-515894732327181417531198111877513763289561834132844950532730921392
39298675274773207005402181252476321337352067642204258608837040444433070
-37313950057629767447582849875418256032092
-15580698665136053412882681108417060139217261
47256257315394219326704438842
137565315411966136814918320423124076806621414542605078270
-98566257886379125235924644120963158792009980655
-220985444320566669243670326296707652778940
8459078709736059284671295033732
4182350453932113387228517537024285768
43322758266776268263915794417258758811994886156629056
1016555716635438030991367084101813221083666951908013755241450004402027
-97801019530827037923082548318062889597
-519808035783570550562470072662760822514966986083745899532164857957504416523495083
-10085079735484758805747262616715563266836660757
92589814639554807806445283369942001957977607
-6537708847503295058253552412018
211801211271927501598568306365267829505544527972541808973023615869920009177912177399538270981300
-728352619091811042805664355392809975907971955987615994918599297879868
35208237655235622207413150023160855541546203165
7104867653271447661560096036303137322009089392237711871973056
9082900390921859829819212057413370393087995803061
-24775202138626835872687283926074152074464726886091738520332912996106380686726
73516116321711325000095668330804326312709
-51586812396221902333595962279715860280026636781824007818164424601504212686098399893165038599
110678371731177457853689894584051772749570298428124248300474407173328046
-529287559305367256148776651805172421172275241739
2498952517134888559861873205876330682191667393389714275622500883901739475168
-7488342962219583867593398598936709780
6121042129877140772137499785519155053217003377
-84508848871404571413737349254755143516
369419070350937564361029694342372999729
640604631508180184563984868107204339156497867920516289046856531323495801769006
-555238298951914453274651346082676404083668606429558676774184232383791124004710542782868828
-3424822100648045176203700754148331107691853259
-381560480260274378596317626694727
297629605461467024048506387236567
4983060426741144323700751433304263973490491672081773100556584846225486833514381492824
-42715083160228246395294563781410
-40435400746430638627534669476664516673299499716347
578509547002662281504189790067170771563704
-45180989864083764331707235882496094720308
-8516956870443045187297093023288391502917522
457756618108926055104195158385158837092675
3431203075486199548578035548954070291358179975419342376447958865388237810
-78972682305944244422729080844110670199726547807988
1115798399409930453046660129830252324
593491558921850812815082182948364979575637
54147286790526905100604874236943310026606406008097169223936777106692310964867030802794693
1186790415594498746320609041198610188067320801226031594572572880609683499422556639
655352250296230210579765702861363939361684
-9935161727164645654995261438112042320613425074911654416
765825308098120230871189036567651164309739563960
32824228683543591501751067230658891770791304135250
-84428143114540126727067773784389147
-737440431515759895276698174396410456
6650157804766856847134770057953090348332149312217448199298609
-92267938718817949977624518568254
100727728733747261387701178
6229053636148723505246402750336939897785481500947182796069206915565020
206240256676854009007561834913595607114634713
-305584387836451543920346842945094070506541390430320961125098
-7070113734599294832077565615957176860405474
43242625081514258565482448694631383
-8011782239741349747053447429510836001799887124873
54539106679518657409912599997391212134988711694466619267520851901375074548
-31866625552093563591128029410619874592136
-5779159619914149697723589315465265728049
-26999908924927356877221079212562487005373930271062431898078748157061854326324
-937891250256071781180570
-41782633042466003679442848076443649681485
2011558001514857822937975703990551174417360
-297018010758135361717292724652765520037241606442583833215415053775397524070
109732638425047314699321798712111687654414876187398859386777000
-183994640653286801561571485251600890962054656914088498892207503048776449920
35222625156449935228072556021928245833326351104
-9766094973688454397513233
-5716411611608350866419831909155577809473206777894362797491631792
-655483950539993638679534209569548905782020
-4148120361804716107810
-77723702812373230967561231043546705212280964
143869357563216367417031970483970890110792690256279762078132322125
339870283263329270938288988927716568083024014313175475
92976514995096357943645145011767284
6108002243895726495427599768682837952123
-1462382753500826984711448800470655356066532
-80089659680808388606227589000413123
-4907578287998730782979135738551941751689642886505
91707031225135615129981772081084622307112538959
70407347061920408257821485648407957
-16278369785906578707466053650455010701979582912066216915441884777287173089005
-6676998771105900592757747565609810108459906766
-22714092861531679695952664566982294776173382766682777261432801750457920985966614112
-959955793357355479947999082287183222662631024357668613674360174313572303866646619527215177640
8642507549977762219136434198346381005094614938988
-48993923912632601753054886554096972021667616986
-1178575883410398581082246851071517966986773944938451994140009444666243685
-203220528470018990436156566652044087028492407419527934704999429901005096
12432566191569907684440059956349073800584588078293
2100098611083768919927728393931379384318615732923
-2914649753382782846057831061659654816585639404
-4597462068767870088358902258596300445359653040956596233549679053495962463304067374600
-24273680376319240791777947007131521684822485
2839720381501353155680163171528327444907
-84822217995656272435089036844522137346838645079025364960803552204094496482232763995
-120153050480921134968655458
-15610694178355943534267634161238414158321666790998577152278828304
104690053325135415418579182049180035379667394601107
66110339111205315212537584005804827308735
62372951283196274425140085908366616757065
-1565812606939857723135742367217548575979285426563804436031606429799407791821872646857898648
-3651865650790584073271329002575379118
10718202882676203307636795863370642774080565515
-57755675680223646290183335
-17809936133938625366378409332582483229138609369473971837440962724
-5652975473791473239036149130600053420827158986464
5251742035127026533447520740
-20135157292340296360229624067090044105612928904814083249071936
-4059845706912603242353365308046324
4242142292152848375318739241091205893686102
9243666616201550506920230935603736786808
-80632393149835111380078481684343598031440935649313
32645819080521593457861141863478003607570058156252234483167437043009641550520
-7473066313035362452002988945621938552774141
70011981668530753122410564988721875503450371031
56669202406960082893383152910915474687210675
202147927353065777832870486415542941982787931136
-386715422614064775610059144688500008970
-4952772040864574661719007258
813906066022275454666426577937895039
-6072782431481855404026579386903292589727127058242722310
-465371570399358235440700100208767479876
298318235255593399845682728036677833
-50507220617507073128701498501740854979394600
-2072462313334394857666484577187493
-41884844116057242688652432912677130154922197047560773335906170305
233482480169613104121318493011120166347796828278284925836080612627408271634320832536767600
1060478802031167628689049146560092133607908420390
-68415152458877229639881702356590927582992328
6112535082613018506181590297225376113257736197908851682811910
-42096441412428127221730529113491485816
4834132638139679138755908842661419324187250487391
532945066348503626280250221
9612630627317474711626324191132642284035423
55387582880964806766108003882959988130547635830255
217641242306202910064407074586942423648346030017164672490850772
75551686216778234894386019766155671898
-959229060814431304558079270604474202
-5030539122856320076269265456212230731727848816052538980195180835037137387599169
-9598098711322686557196031095879618393063372958031
-18145428246474652601170950742082036503602890
3047932003299202356389405549624255505161413657173533727718930115399686430406607290
-115689343393519468622641285405128
-5359120234695650177911245115938739213217
377028780305878788996443420752816281388901
-5761499766064689270228070782104791592716216098940881628919194946118221310
-6390400016277361824870905353436834782322040495
6686873670830721713211348746879370835120795
545075263391041962505998136875733
-15970584245328674060849823194047579539273880992825774686480099305257312568192881136
-10510002082084540465767118558502767852518098989256333177429242016748373728162878
1494233374017865843536797939723428377553402683313
60674734436113300543331027665525114046430886741685899373106918330990
9567872141563853979999453052068701063505352
96093849095293142356008637935526821485289127412484
-563600832081671494626126875978038611653661837615245606372374378768
-17011969514615731019023680288927399599680580
53744746042399591990950373707628934589166123367709162016589989650096
-1397535495199968362417176305588
-4971303570825340818608123635378415485785
-28079764810033528609965827151960248222934622337054464550986874118
6564423514445386253053527105403284582377838555871
395884730466067466972802647271373144094109753514676157527613696316165
-353646643935682697898869848713992157759569447249
6251540269934932544198693112367604206817467769929164192970731016164
31240275378971564631908897520181498083267276298791441353096019611835094
36911754366571240492062631978033893092376854173
-2530722451659889519063877193114868269850808
-918426556393701167416859587186631745
-321533659228541231370256314864409777279340208887602558449207146
-74511921541451331072748562007204649662834
13735170440878119665280978776771711334459432443204584340348432401764656640
16770566805300380069787296908026468198180063419811061673060083566402893079536
61722102512970894918606459932869166992228762
-6481019317882046630383301034025318285120904952
331287740470436883563936605280265393669040657163219225657422782730452
685788920238798241291822
38192146081711668345460421070332527651
-898336350148427620147790022577332920623049001
639468672796573739803452378428932547923
21376355169266864541229387783491852733556315041901830130584700688
79865149611759770494794027611320442662762613886
11082427340029684982428559240343515377348539367254079130640001349137960
-411432071293980602189899401416546262018078896990
-737304906843492833938981
-14335587916952192006655566791794871947600990034
32705141707269147418860798906283713005221723490073322899775006092372781525334013
-6090755915407954360759268922661777059742192866
88007174456804772207716568185327
-34999605459051639619104685665302492528
-98259867275139213914770943067476416854149
27604859548215393782061415412288674384103260128875711946
1027081678116861489255340868137495959574796417821689753840237215150872
14834138381373614969169201509974324322879
-9479091159605010792057670034913576344109777195130660333237708
4480035962122625170505857043416662811349168800768518587777036054138804407564779906
-35557851425275709079483036806202
-4807051275416656478863848174793
-8779222326956012056076743695850
921232465254383398505046
-704682083478848201585683097812421828398709342175656389256828211174949777435437412176
-63581044663011948810194871687320688
-348445949456453237102690323326346618814829836553106105791895692085542
-10371413541053397346051995745540119225581836168
2288556577181022754235454671144324244415972132302
23075532415013711702811860369204902924223717894701466033690644988704492236451463973491231754514753
-185763657681168392766416861282924640298017921066222287962638452892282635483370
-529519511613104720318640267720402
13277002074097777227906861625652579874439213834661797434146286
65061374292570482037490159850443333
-966983496037260164798411092149274818701302563
-144753161585710493124965365
73413757358368896591268616688532901639777290001225227915632841322596092
2743733650806148777949238348131641952954276933533
64601412098893845711347737882610039040169
-34333168383367794030487056920306361111801371830
63737659695739322496258951140576
-783773634731648584853347971859
85183010248517445143865671692024086382247082920575710068759470
-19457221807449830513191936510348
-941760796623013463598686174291385784486140161
5260476377853637702395737434381069802
4200643967109077700245756951042119792207571
-533698302045938379763823912987851957384338618332563179439008777489493421618061736200
4479777608728023823483556304642028981792114934569244294913872061
6454581445251684432286392996660
994778735652389304471990667868736561319
-901412351060966829203833
775866809979188293487197343955363
264457796218777476780733934434179959659322083
88449848650858284553747047643864391322771855
802321629867453860462737231445983181170167370493168600311339260564570281
9405780904972251976507189694380709028608732256700
6044927517919338754357748040467712990308037502557604182165587787110465935129671600
2105159145866123043384002396058975583270
-143651542204124581457773478779102224080187309671751961619970718804488
-498723689589292424925517732352468654278287810869
-572073309893747038345028319664158690025997569569093883792816
-7703287753200491530602857229364306712426012189109860128570273897629463159176
-26426798317335731263230507364710863612
-74905720538319510997976641371874706915763693
2019678854993807235162821474592542287
-3314617584916325423830458818429900139076501212
-5265293942790937161160236825104773790665539585752771640239006303717363556624470274
458587806016916901369087364177
4238439291164893725587476347835150045535
4815407588912344383890821743286489949200104826064606842616071832889314706703368
-5114277631905098411372758626
-10689602197292091660350665548144698191668984623752635199232457356
32711637758449936299830650417358
-7429694247852227111726685820193344963703874
-111706546409481753524323361611258789033603606067625379848250
-23228602856769032801452153068656361837657778
-5746395895592314512569055455348286288941150727491367316416659973706
-17409751290978546573846960273649741190787
-12706622286036127812160599214139087255652459
8683333329472073150961839434998891
-18457040055262481583958431052957899115365990407265718323060
-3386555913638509116605291066476
36193510984690073099369715419909369236678757604304199092358755370405625270856
756089628070794010007697425951854
60541370967365468865146071652663109329847087881550501053938
-37861408751109399541466306695017611818556377145210
-4473185863856161632675593661079525625485214996757613392335420687447424010091809796736
-8193912958886902259264325
5375470122841890864995351614553200441647412
-62719224757151940370766057954226751304707699085992357428667096532291659730668682
-728060879771196639172151885416616411929946519653892728038106434318819808
-333205729735084702050897042739884257659499785899
545720001957026544826750209393046965
-98858317912318354890644309989202633
-859918000041267508423021359149453251404006
852237906968116653561978319464504702875170
-617842009444096650988154838421101601810488716960
4076671472862760851924808966858017534255856332364276061296052133194079419974
728042596591903423256610452635586271
-19480818496423420671926549946641400964360418
784722229902169230403825075718937236854699540569680
230443826728706459042260142668777
-184667806226755727748054183773951538390638719349776920492434672404
5942445281589940444809628141191552278311177324
-4613574425585269866998427472165737330920
747442586404881126162656808735292131615912166763
48704482820069631968864945109299213914017226056
1598137951430036892419879539824239885472493064
